04/12/2020 06:45:09 PM: INFO: Start Link Extraction
04/12/2020 06:45:09 PM: INFO: Opening URL for links
04/12/2020 06:45:10 PM: INFO: Parsing HTML for links
04/12/2020 06:45:10 PM: INFO: Identifying Links
04/12/2020 06:45:10 PM: INFO: End Link Extraction
04/12/2020 06:45:10 PM: INFO: Start Text Extraction
04/12/2020 06:45:10 PM: INFO: Opening URL for text
04/12/2020 06:45:11 PM: INFO: Parsing HTML for text
04/12/2020 06:45:12 PM: INFO: Identifying Text
04/12/2020 06:45:12 PM: INFO: End Text Extraction
04/12/2020 06:45:12 PM: INFO: Start Title Extraction
04/12/2020 06:45:12 PM: INFO: Opening URL for titles
04/12/2020 06:45:12 PM: INFO: Parsing HTML for titles
04/12/2020 06:45:17 PM: INFO: Identifying Titles
04/12/2020 06:46:58 PM: INFO: Start Link Extraction
04/12/2020 06:46:58 PM: INFO: Opening URL for links
04/12/2020 06:46:58 PM: INFO: Parsing HTML for links
04/12/2020 06:46:59 PM: INFO: Identifying Links
04/12/2020 06:46:59 PM: INFO: End Link Extraction
04/12/2020 06:46:59 PM: INFO: Start Text Extraction
04/12/2020 06:46:59 PM: INFO: Opening URL for text
04/12/2020 06:46:59 PM: INFO: Parsing HTML for text
04/12/2020 06:46:59 PM: INFO: Identifying Text
04/12/2020 06:46:59 PM: INFO: End Text Extraction
04/12/2020 06:46:59 PM: INFO: Start Title Extraction
04/12/2020 06:46:59 PM: INFO: Opening URL for titles
04/12/2020 06:46:59 PM: INFO: Parsing HTML for titles
04/12/2020 06:47:00 PM: INFO: Identifying Titles
04/12/2020 06:47:00 PM: INFO: End Title Extraction
04/12/2020 09:08:39 PM: INFO: Start Link Extraction
04/12/2020 09:08:39 PM: INFO: Opening URL for links
04/12/2020 09:08:39 PM: INFO: Parsing HTML for links
04/12/2020 09:08:39 PM: INFO: Identifying Links
04/12/2020 09:08:39 PM: INFO: End Link Extraction
04/12/2020 09:08:39 PM: INFO: Start Text Extraction
04/12/2020 09:08:39 PM: INFO: Opening URL for text
04/12/2020 09:08:39 PM: INFO: Parsing HTML for text
04/12/2020 09:08:39 PM: INFO: Identifying Text
04/12/2020 09:08:39 PM: INFO: End Text Extraction
04/12/2020 09:08:39 PM: INFO: Start Title Extraction
04/12/2020 09:08:39 PM: INFO: Opening URL for titles
04/12/2020 09:08:40 PM: INFO: Parsing HTML for titles
04/12/2020 09:08:40 PM: INFO: Identifying Titles
04/12/2020 09:08:40 PM: INFO: End Title Extraction
